<?xml version="1.0" encoding="UTF-8"?>
<!-- Generated by org.testng.reporters.JUnitReportReporter -->
<testsuite hostname="bb-system-2377" failures="0" tests="6" name="Runners.TestRunner" time="79.134" errors="0" timestamp="2023-08-17T15:15:21 IST" skipped="0">
  <testcase classname="Runners.TestRunner" name="runScenario" time="14.311"/>
  <system-out/>
  <testcase classname="Runners.TestRunner" name="runScenario" time="15.302"/>
  <system-out/>
  <testcase classname="Runners.TestRunner" name="runScenario" time="12.406"/>
  <system-out/>
  <testcase classname="Runners.TestRunner" name="runScenario" time="11.758"/>
  <system-out/>
  <testcase classname="Runners.TestRunner" name="runScenario" time="13.300"/>
  <system-out/>
  <testcase classname="Runners.TestRunner" name="runScenario" time="12.057"/>
  <system-out/>
</testsuite> <!-- Runners.TestRunner -->
